2014-08-22 12:36:31.146 Colorado-Concerts[27926:70b] Multi-tasking -> Device: YES, App: YES
2014-08-22 12:36:31.161 Colorado-Concerts[27926:70b] Unlimited access to network resources
2014-08-22 12:36:31.164 Colorado-Concerts[27926:70b] 

Started backup to iCloud! Please be careful.
Your application might rejected by Apple if you store too much data.
For more information please read "iOS Data Storage Guidelines"
You could find it at the following address https://developer.apple.com/icloud/documentation/data-storage/ .

2014-08-22 12:36:31.394 Colorado-Concerts[27926:70b] Resetting plugins due to page load.
2014-08-22 12:36:31.930 Colorado-Concerts[27926:70b] Finished load of: file:///Users/jonchu/Library/Application%20Support/iPhone%20Simulator/7.1/Applications/E9B4B216-6D8C-4DC4-A810-064EC790DBFB/Colorado-Concerts.app/www/index.html
2014-08-22 12:39:16.406 Colorado-Concerts[28098:70b] Multi-tasking -> Device: YES, App: YES
2014-08-22 12:39:16.411 Colorado-Concerts[28098:70b] Unlimited access to network resources
2014-08-22 12:39:16.412 Colorado-Concerts[28098:70b] 

Started backup to iCloud! Please be careful.
Your application might rejected by Apple if you store too much data.
For more information please read "iOS Data Storage Guidelines"
You could find it at the following address https://developer.apple.com/icloud/documentation/data-storage/ .

2014-08-22 12:39:16.447 Colorado-Concerts[28098:70b] Resetting plugins due to page load.
2014-08-22 12:39:16.863 Colorado-Concerts[28098:70b] Finished load of: file:///Users/jonchu/Library/Application%20Support/iPhone%20Simulator/7.1/Applications/E9B4B216-6D8C-4DC4-A810-064EC790DBFB/Colorado-Concerts.app/www/index.html
2014-08-22 12:42:56.882 Colorado-Concerts[28326:70b] Multi-tasking -> Device: YES, App: YES
2014-08-22 12:42:56.887 Colorado-Concerts[28326:70b] Unlimited access to network resources
2014-08-22 12:42:56.889 Colorado-Concerts[28326:70b] 

Started backup to iCloud! Please be careful.
Your application might rejected by Apple if you store too much data.
For more information please read "iOS Data Storage Guidelines"
You could find it at the following address https://developer.apple.com/icloud/documentation/data-storage/ .

2014-08-22 12:42:56.923 Colorado-Concerts[28326:70b] Resetting plugins due to page load.
2014-08-22 12:42:57.271 Colorado-Concerts[28326:70b] Finished load of: file:///Users/jonchu/Library/Application%20Support/iPhone%20Simulator/7.1/Applications/E9B4B216-6D8C-4DC4-A810-064EC790DBFB/Colorado-Concerts.app/www/index.html
