0 info it worked if it ends with ok
1 verbose cli [ 'node', '/usr/local/bin/npm', 'install', '-', 'g', 'ios-sim' ]
2 info using npm@1.4.14
3 info using node@v0.10.29
4 verbose cache add [ '-', null ]
5 verbose cache add name=undefined spec="-" args=["-",null]
6 verbose parsed url { protocol: null,
6 verbose parsed url   slashes: null,
6 verbose parsed url   auth: null,
6 verbose parsed url   host: null,
6 verbose parsed url   port: null,
6 verbose parsed url   hostname: null,
6 verbose parsed url   hash: null,
6 verbose parsed url   search: null,
6 verbose parsed url   query: null,
6 verbose parsed url   pathname: '-',
6 verbose parsed url   path: '-',
6 verbose parsed url   href: '-' }
7 verbose cache add [ 'g', null ]
8 verbose cache add name=undefined spec="g" args=["g",null]
9 verbose parsed url { protocol: null,
9 verbose parsed url   slashes: null,
9 verbose parsed url   auth: null,
9 verbose parsed url   host: null,
9 verbose parsed url   port: null,
9 verbose parsed url   hostname: null,
9 verbose parsed url   hash: null,
9 verbose parsed url   search: null,
9 verbose parsed url   query: null,
9 verbose parsed url   pathname: 'g',
9 verbose parsed url   path: 'g',
9 verbose parsed url   href: 'g' }
10 verbose cache add [ 'ios-sim', null ]
11 verbose cache add name=undefined spec="ios-sim" args=["ios-sim",null]
12 verbose parsed url { protocol: null,
12 verbose parsed url   slashes: null,
12 verbose parsed url   auth: null,
12 verbose parsed url   host: null,
12 verbose parsed url   port: null,
12 verbose parsed url   hostname: null,
12 verbose parsed url   hash: null,
12 verbose parsed url   search: null,
12 verbose parsed url   query: null,
12 verbose parsed url   pathname: 'ios-sim',
12 verbose parsed url   path: 'ios-sim',
12 verbose parsed url   href: 'ios-sim' }
13 silly lockFile 3bc15c8a- -
14 verbose lock - /Users/jonchu/.npm/3bc15c8a-.lock
15 silly lockFile 54fd1711-g g
16 verbose lock g /Users/jonchu/.npm/54fd1711-g.lock
17 silly lockFile 6af69284-ios-sim ios-sim
18 verbose lock ios-sim /Users/jonchu/.npm/6af69284-ios-sim.lock
19 silly lockFile 3bc15c8a- -
20 silly lockFile 3bc15c8a- -
21 silly lockFile 54fd1711-g g
22 silly lockFile 54fd1711-g g
23 verbose addNamed [ '-', '' ]
24 verbose addNamed [ null, '*' ]
25 silly lockFile c75fe0d4- -@
26 verbose lock -@ /Users/jonchu/.npm/c75fe0d4-.lock
27 silly lockFile 6af69284-ios-sim ios-sim
28 silly lockFile 6af69284-ios-sim ios-sim
29 verbose addNamed [ 'g', '' ]
30 verbose addNamed [ null, '*' ]
31 silly lockFile 8b047e1f-g g@
32 verbose lock g@ /Users/jonchu/.npm/8b047e1f-g.lock
33 verbose addNamed [ 'ios-sim', '' ]
34 verbose addNamed [ null, '*' ]
35 silly lockFile 03dce7cc-ios-sim ios-sim@
36 verbose lock ios-sim@ /Users/jonchu/.npm/03dce7cc-ios-sim.lock
37 silly addNameRange { name: '-', range: '*', hasData: false }
38 verbose url raw -
39 verbose url resolving [ 'https://registry.npmjs.org/', './-' ]
40 verbose url resolved https://registry.npmjs.org/-
41 info trying registry request attempt 1 at 10:26:43
42 http GET https://registry.npmjs.org/-
43 silly addNameRange { name: 'g', range: '*', hasData: false }
44 silly addNameRange { name: 'ios-sim', range: '*', hasData: false }
45 verbose registry.get g not expired, no request
46 silly addNameRange number 2 { name: 'g', range: '*', hasData: true }
47 silly addNameRange versions [ 'g', [ '1.0.0', '1.0.1', '1.0.2' ] ]
48 verbose addNamed [ 'g', '1.0.2' ]
49 verbose addNamed [ '1.0.2', '1.0.2' ]
50 silly lockFile edaebc26-g-1-0-2 g@1.0.2
51 verbose lock g@1.0.2 /Users/jonchu/.npm/edaebc26-g-1-0-2.lock
52 verbose registry.get ios-sim not expired, no request
53 silly addNameRange number 2 { name: 'ios-sim', range: '*', hasData: true }
54 silly addNameRange versions [ 'ios-sim', [ '1.8.0', '1.8.1', '1.8.2', '1.9.0', '2.0.0' ] ]
55 verbose addNamed [ 'ios-sim', '2.0.0' ]
56 verbose addNamed [ '2.0.0', '2.0.0' ]
57 silly lockFile db383902-ios-sim-2-0-0 ios-sim@2.0.0
58 verbose lock ios-sim@2.0.0 /Users/jonchu/.npm/db383902-ios-sim-2-0-0.lock
59 silly lockFile edaebc26-g-1-0-2 g@1.0.2
60 silly lockFile edaebc26-g-1-0-2 g@1.0.2
61 silly lockFile 8b047e1f-g g@
62 silly lockFile 8b047e1f-g g@
63 silly lockFile db383902-ios-sim-2-0-0 ios-sim@2.0.0
64 silly lockFile db383902-ios-sim-2-0-0 ios-sim@2.0.0
65 silly lockFile 03dce7cc-ios-sim ios-sim@
66 silly lockFile 03dce7cc-ios-sim ios-sim@
67 http 404 https://registry.npmjs.org/-
68 verbose headers { date: 'Tue, 05 Aug 2014 14:26:43 GMT',
68 verbose headers   server: 'CouchDB/1.5.0 (Erlang OTP/R16B03)',
68 verbose headers   'content-type': 'application/json',
68 verbose headers   'cache-control': 'max-age=0',
68 verbose headers   'content-length': '52',
68 verbose headers   'accept-ranges': 'bytes',
68 verbose headers   via: '1.1 varnish',
68 verbose headers   age: '0',
68 verbose headers   'x-served-by': 'cache-jfk1020-JFK',
68 verbose headers   'x-cache': 'MISS',
68 verbose headers   'x-cache-hits': '0',
68 verbose headers   'x-timer': 'S1407248803.296596,VS0,VE87',
68 verbose headers   'keep-alive': 'timeout=10, max=50',
68 verbose headers   connection: 'Keep-Alive' }
69 silly registry.get cb [ 404,
69 silly registry.get   { date: 'Tue, 05 Aug 2014 14:26:43 GMT',
69 silly registry.get     server: 'CouchDB/1.5.0 (Erlang OTP/R16B03)',
69 silly registry.get     'content-type': 'application/json',
69 silly registry.get     'cache-control': 'max-age=0',
69 silly registry.get     'content-length': '52',
69 silly registry.get     'accept-ranges': 'bytes',
69 silly registry.get     via: '1.1 varnish',
69 silly registry.get     age: '0',
69 silly registry.get     'x-served-by': 'cache-jfk1020-JFK',
69 silly registry.get     'x-cache': 'MISS',
69 silly registry.get     'x-cache-hits': '0',
69 silly registry.get     'x-timer': 'S1407248803.296596,VS0,VE87',
69 silly registry.get     'keep-alive': 'timeout=10, max=50',
69 silly registry.get     connection: 'Keep-Alive' } ]
70 silly lockFile c75fe0d4- -@
71 silly lockFile c75fe0d4- -@
72 error Error: not_found document not found: -
72 error     at RegClient.<anonymous> (/usr/local/lib/node_modules/npm/node_modules/npm-registry-client/lib/request.js:274:14)
72 error     at Request._callback (/usr/local/lib/node_modules/npm/node_modules/npm-registry-client/lib/request.js:212:65)
72 error     at Request.self.callback (/usr/local/lib/node_modules/npm/node_modules/request/request.js:123:22)
72 error     at Request.emit (events.js:98:17)
72 error     at Request.<anonymous> (/usr/local/lib/node_modules/npm/node_modules/request/request.js:893:14)
72 error     at Request.emit (events.js:117:20)
72 error     at IncomingMessage.<anonymous> (/usr/local/lib/node_modules/npm/node_modules/request/request.js:844:12)
72 error     at IncomingMessage.emit (events.js:117:20)
72 error     at _stream_readable.js:929:16
72 error     at process._tickCallback (node.js:419:13)
73 error If you need help, you may report this *entire* log,
73 error including the npm and node versions, at:
73 error     <http://github.com/npm/npm/issues>
74 error System Darwin 13.3.0
75 error command "node" "/usr/local/bin/npm" "install" "-" "g" "ios-sim"
76 error cwd /Users/jonchu/Desktop/Colorado-Concerts/coloradoconcerts
77 error node -v v0.10.29
78 error npm -v 1.4.14
79 verbose exit [ 1, true ]
